Determining if the function pthread_attr_setstacklazy exists failed with the following output:
Change Dir: /home/chris/Workspace/gamma/build/CMakeFiles/CMakeTmp

Run Build Command(s):/usr/bin/gmake -f Makefile cmTC_e26f3/fast && /usr/bin/gmake  -f CMakeFiles/cmTC_e26f3.dir/build.make CMakeFiles/cmTC_e26f3.dir/build
gmake[1]: Entering directory '/home/chris/Workspace/gamma/build/CMakeFiles/CMakeTmp'
Building C object CMakeFiles/cmTC_e26f3.dir/CheckFunctionExists.c.o
/usr/bin/cc   -DCHECK_FUNCTION_EXISTS=pthread_attr_setstacklazy -o CMakeFiles/cmTC_e26f3.dir/CheckFunctionExists.c.o -c /usr/share/cmake/Modules/CheckFunctionExists.c
Linking C executable cmTC_e26f3
/usr/bin/cmake -E cmake_link_script CMakeFiles/cmTC_e26f3.dir/link.txt --verbose=1
/usr/bin/cc  -DCHECK_FUNCTION_EXISTS=pthread_attr_setstacklazy -rdynamic CMakeFiles/cmTC_e26f3.dir/CheckFunctionExists.c.o -o cmTC_e26f3 
/usr/lib64/gcc/x86_64-suse-linux/11/../../../../x86_64-suse-linux/bin/ld: CMakeFiles/cmTC_e26f3.dir/CheckFunctionExists.c.o: in function `main':
CheckFunctionExists.c:(.text+0x10): undefined reference to `pthread_attr_setstacklazy'
collect2: error: ld returned 1 exit status
gmake[1]: *** [CMakeFiles/cmTC_e26f3.dir/build.make:99: cmTC_e26f3] Error 1
gmake[1]: Leaving directory '/home/chris/Workspace/gamma/build/CMakeFiles/CMakeTmp'
gmake: *** [Makefile:127: cmTC_e26f3/fast] Error 2



Determining if the function _isnan exists failed with the following output:
Change Dir: /home/chris/Workspace/gamma/build/CMakeFiles/CMakeTmp

Run Build Command(s):/usr/bin/gmake -f Makefile cmTC_0b651/fast && /usr/bin/gmake  -f CMakeFiles/cmTC_0b651.dir/build.make CMakeFiles/cmTC_0b651.dir/build
gmake[1]: Entering directory '/home/chris/Workspace/gamma/build/CMakeFiles/CMakeTmp'
Building C object CMakeFiles/cmTC_0b651.dir/CheckFunctionExists.c.o
/usr/bin/cc   -DCHECK_FUNCTION_EXISTS=_isnan -o CMakeFiles/cmTC_0b651.dir/CheckFunctionExists.c.o -c /usr/share/cmake/Modules/CheckFunctionExists.c
Linking C executable cmTC_0b651
/usr/bin/cmake -E cmake_link_script CMakeFiles/cmTC_0b651.dir/link.txt --verbose=1
/usr/bin/cc  -DCHECK_FUNCTION_EXISTS=_isnan -rdynamic CMakeFiles/cmTC_0b651.dir/CheckFunctionExists.c.o -o cmTC_0b651 
/usr/lib64/gcc/x86_64-suse-linux/11/../../../../x86_64-suse-linux/bin/ld: CMakeFiles/cmTC_0b651.dir/CheckFunctionExists.c.o: in function `main':
CheckFunctionExists.c:(.text+0x10): undefined reference to `_isnan'
collect2: error: ld returned 1 exit status
gmake[1]: *** [CMakeFiles/cmTC_0b651.dir/build.make:99: cmTC_0b651] Error 1
gmake[1]: Leaving directory '/home/chris/Workspace/gamma/build/CMakeFiles/CMakeTmp'
gmake: *** [Makefile:127: cmTC_0b651/fast] Error 2



Determining if the function _isnanf exists failed with the following output:
Change Dir: /home/chris/Workspace/gamma/build/CMakeFiles/CMakeTmp

Run Build Command(s):/usr/bin/gmake -f Makefile cmTC_88753/fast && /usr/bin/gmake  -f CMakeFiles/cmTC_88753.dir/build.make CMakeFiles/cmTC_88753.dir/build
gmake[1]: Entering directory '/home/chris/Workspace/gamma/build/CMakeFiles/CMakeTmp'
Building C object CMakeFiles/cmTC_88753.dir/CheckFunctionExists.c.o
/usr/bin/cc   -DCHECK_FUNCTION_EXISTS=_isnanf -o CMakeFiles/cmTC_88753.dir/CheckFunctionExists.c.o -c /usr/share/cmake/Modules/CheckFunctionExists.c
Linking C executable cmTC_88753
/usr/bin/cmake -E cmake_link_script CMakeFiles/cmTC_88753.dir/link.txt --verbose=1
/usr/bin/cc  -DCHECK_FUNCTION_EXISTS=_isnanf -rdynamic CMakeFiles/cmTC_88753.dir/CheckFunctionExists.c.o -o cmTC_88753 
/usr/lib64/gcc/x86_64-suse-linux/11/../../../../x86_64-suse-linux/bin/ld: CMakeFiles/cmTC_88753.dir/CheckFunctionExists.c.o: in function `main':
CheckFunctionExists.c:(.text+0x10): undefined reference to `_isnanf'
collect2: error: ld returned 1 exit status
gmake[1]: *** [CMakeFiles/cmTC_88753.dir/build.make:99: cmTC_88753] Error 1
gmake[1]: Leaving directory '/home/chris/Workspace/gamma/build/CMakeFiles/CMakeTmp'
gmake: *** [Makefile:127: cmTC_88753/fast] Error 2



